<?xml version="1.0" encoding="UTF-8"?>
<!-- Generated by org.testng.reporters.JUnitReportReporter -->
<testsuite hostname="Nikhil" failures="0" tests="1" name="com.nikhil.testing.seleniumTestingFresh.SeleniumStandaloneTestCopy" time="7.257" errors="0" timestamp="2025-04-23T09:23:02 IST" skipped="0">
  <testcase classname="com.nikhil.testing.seleniumTestingFresh.SeleniumStandaloneTestCopy" name="submitOrder" time="7.257"/>
</testsuite> <!-- com.nikhil.testing.seleniumTestingFresh.SeleniumStandaloneTestCopy -->
