<?xml version="1.0" encoding="UTF-8"?>
<!-- Generated by org.testng.reporters.JUnitReportReporter -->
<testsuite hostname="Nikhil" failures="0" tests="1" name="seleniumTestingFresh.TesNGTest" time="0.005" errors="0" timestamp="2025-04-21T08:23:28 IST" skipped="0">
  <testcase classname="seleniumTestingFresh.TesNGTest" name="testMtd" time="0.005"/>
</testsuite> <!-- seleniumTestingFresh.TesNGTest -->
