<?xml version="1.0" encoding="UTF-8"?>
<!-- Generated by org.testng.reporters.JUnitReportReporter -->
<testsuite hostname="Nikhil" failures="0" tests="4" name="com.nikhil.testing.seleniumTestingFresh.SubmitOrderTest" time="15.915" errors="0" timestamp="2025-06-24T07:50:25 IST" skipped="2">
  <testcase classname="com.nikhil.testing.seleniumTestingFresh.SubmitOrderTest" name="submitOrder" time="10.985"/>
  <testcase classname="com.nikhil.testing.seleniumTestingFresh.SubmitOrderTest" name="verifyOrder" time="2.776"/>
  <testcase classname="com.nikhil.testing.seleniumTestingFresh.SubmitOrderTest" name="verifyOrder" time="1.035">
    <skipped/>
  </testcase> <!-- verifyOrder -->
  <testcase classname="com.nikhil.testing.seleniumTestingFresh.SubmitOrderTest" name="submitOrder" time="1.119">
    <skipped/>
  </testcase> <!-- submitOrder -->
</testsuite> <!-- com.nikhil.testing.seleniumTestingFresh.SubmitOrderTest -->
