<?xml version="1.0" encoding="UTF-8"?>
<!-- Generated by org.testng.reporters.JUnitReportReporter -->
<testsuite hostname="Nikhil" failures="0" tests="4" name="com.nikhil.testing.seleniumTestingFresh.SubmitOrderTest" time="12.644" errors="0" timestamp="2025-06-24T09:04:36 IST" skipped="2">
  <testcase classname="com.nikhil.testing.seleniumTestingFresh.SubmitOrderTest" name="submitOrder" time="3.356"/>
  <testcase classname="com.nikhil.testing.seleniumTestingFresh.SubmitOrderTest" name="submitOrder" time="1.030">
    <skipped/>
  </testcase> <!-- submitOrder -->
  <testcase classname="com.nikhil.testing.seleniumTestingFresh.SubmitOrderTest" name="verifyOrder" time="2.482">
    <skipped/>
  </testcase> <!-- verifyOrder -->
  <testcase classname="com.nikhil.testing.seleniumTestingFresh.SubmitOrderTest" name="verifyOrder" time="5.776"/>
</testsuite> <!-- com.nikhil.testing.seleniumTestingFresh.SubmitOrderTest -->
