<?xml version="1.0" encoding="UTF-8"?>
<!-- Generated by org.testng.reporters.JUnitReportReporter -->
<testsuite hostname="Nikhil" failures="0" tests="1" name="com.nikhil.testing.seleniumTestingFresh.ErrorValidationTest" time="4.810" errors="0" timestamp="2025-06-24T09:04:36 IST" skipped="0">
  <testcase classname="com.nikhil.testing.seleniumTestingFresh.ErrorValidationTest" name="errorValidation" time="4.810"/>
</testsuite> <!-- com.nikhil.testing.seleniumTestingFresh.ErrorValidationTest -->
